[debug] [2024-05-02T14:00:46.718Z] ----------------------------------------------------------------------
[debug] [2024-05-02T14:00:46.722Z] Command:       C:\Program Files\nodejs\node.exe C:\Users\PC\AppData\Roaming\npm\node_modules\firebase-tools\lib\bin\firebase.js deploy --only hosting
[debug] [2024-05-02T14:00:46.723Z] CLI Version:   13.7.3
[debug] [2024-05-02T14:00:46.723Z] Platform:      win32
[debug] [2024-05-02T14:00:46.723Z] Node Version:  v20.11.0
[debug] [2024-05-02T14:00:46.724Z] Time:          Thu May 02 2024 19:00:46 GMT+0500 (Pakistan Standard Time)
[debug] [2024-05-02T14:00:46.725Z] ----------------------------------------------------------------------
[debug] 
[debug] [2024-05-02T14:00:46.729Z] >>> [apiv2][query] GET https://firebase-public.firebaseio.com/cli.json [none]
[debug] [2024-05-02T14:00:46.893Z] > command requires scopes: ["email","openid","https://www.googleapis.com/auth/cloudplatformprojects.readonly","https://www.googleapis.com/auth/firebase","https://www.googleapis.com/auth/cloud-platform"]
[debug] [2024-05-02T14:00:46.893Z] > authorizing via signed-in user (wajeehassan26@gmail.com)
[debug] [2024-05-02T14:00:46.893Z] [iam] checking project wellnestx for permissions ["firebase.projects.get","firebasehosting.sites.update"]
[debug] [2024-05-02T14:00:46.894Z] > refreshing access token with scopes: []
[debug] [2024-05-02T14:00:46.895Z] >>> [apiv2][query] POST https://www.googleapis.com/oauth2/v3/token [none]
[debug] [2024-05-02T14:00:46.895Z] >>> [apiv2][body] POST https://www.googleapis.com/oauth2/v3/token [omitted]
[debug] [2024-05-02T14:00:47.326Z] <<< [apiv2][status] POST https://www.googleapis.com/oauth2/v3/token 200
[debug] [2024-05-02T14:00:47.327Z] <<< [apiv2][body] POST https://www.googleapis.com/oauth2/v3/token [omitted]
[debug] [2024-05-02T14:00:47.335Z] >>> [apiv2][query] POST https://cloudresourcemanager.googleapis.com/v1/projects/wellnestx:testIamPermissions [none]
[debug] [2024-05-02T14:00:47.335Z] >>> [apiv2][(partial)header] POST https://cloudresourcemanager.googleapis.com/v1/projects/wellnestx:testIamPermissions x-goog-quota-user=projects/wellnestx
[debug] [2024-05-02T14:00:47.336Z] >>> [apiv2][body] POST https://cloudresourcemanager.googleapis.com/v1/projects/wellnestx:testIamPermissions {"permissions":["firebase.projects.get","firebasehosting.sites.update"]}
[debug] [2024-05-02T14:00:47.543Z] <<< [apiv2][status] GET https://firebase-public.firebaseio.com/cli.json 200
[debug] [2024-05-02T14:00:47.543Z] <<< [apiv2][body] GET https://firebase-public.firebaseio.com/cli.json {"cloudBuildErrorAfter":1594252800000,"cloudBuildWarnAfter":1590019200000,"defaultNode10After":1594252800000,"minVersion":"3.0.5","node8DeploysDisabledAfter":1613390400000,"node8RuntimeDisabledAfter":1615809600000,"node8WarnAfter":1600128000000}
